19-Jan-2016 21:05:51.195 INFO [main] org.apache.catalina.startup.VersionLoggerListener.log Server version:        Apache Tomcat/8.0.24
19-Jan-2016 21:05:51.197 INFO [main] org.apache.catalina.startup.VersionLoggerListener.log Server built:          Jul 1 2015 20:19:55 UTC
19-Jan-2016 21:05:51.198 INFO [main] org.apache.catalina.startup.VersionLoggerListener.log Server number:         8.0.24.0
19-Jan-2016 21:05:51.198 INFO [main] org.apache.catalina.startup.VersionLoggerListener.log OS Name:               Mac OS X
19-Jan-2016 21:05:51.198 INFO [main] org.apache.catalina.startup.VersionLoggerListener.log OS Version:            10.11.2
19-Jan-2016 21:05:51.198 INFO [main] org.apache.catalina.startup.VersionLoggerListener.log Architecture:          x86_64
19-Jan-2016 21:05:51.203 INFO [main] org.apache.catalina.startup.VersionLoggerListener.log Java Home:             /Library/Java/JavaVirtualMachines/jdk1.8.0_45.jdk/Contents/Home/jre
19-Jan-2016 21:05:51.203 INFO [main] org.apache.catalina.startup.VersionLoggerListener.log JVM Version:           1.8.0_45-b14
19-Jan-2016 21:05:51.203 INFO [main] org.apache.catalina.startup.VersionLoggerListener.log JVM Vendor:            Oracle Corporation
19-Jan-2016 21:05:51.203 INFO [main] org.apache.catalina.startup.VersionLoggerListener.log CATALINA_BASE:         /Users/fp/Dropbox/Development/Projects/camunda/camunda-exp/camunda-bpm-tomcat-7.4.0/server/apache-tomcat-8.0.24
19-Jan-2016 21:05:51.203 INFO [main] org.apache.catalina.startup.VersionLoggerListener.log CATALINA_HOME:         /Users/fp/Dropbox/Development/Projects/camunda/camunda-exp/camunda-bpm-tomcat-7.4.0/server/apache-tomcat-8.0.24
19-Jan-2016 21:05:51.205 INFO [main] org.apache.catalina.startup.VersionLoggerListener.log Command line argument: -Djava.util.logging.config.file=./server/apache-tomcat-8.0.24/conf/logging.properties
19-Jan-2016 21:05:51.205 INFO [main] org.apache.catalina.startup.VersionLoggerListener.log Command line argument: -Djava.util.logging.manager=org.apache.juli.ClassLoaderLogManager
19-Jan-2016 21:05:51.205 INFO [main] org.apache.catalina.startup.VersionLoggerListener.log Command line argument: -Xmx512m
19-Jan-2016 21:05:51.205 INFO [main] org.apache.catalina.startup.VersionLoggerListener.log Command line argument: -XX:MaxPermSize=256m
19-Jan-2016 21:05:51.205 INFO [main] org.apache.catalina.startup.VersionLoggerListener.log Command line argument: -XX:PermSize=256m
19-Jan-2016 21:05:51.206 INFO [main] org.apache.catalina.startup.VersionLoggerListener.log Command line argument: -Djava.endorsed.dirs=./server/apache-tomcat-8.0.24/endorsed
19-Jan-2016 21:05:51.206 INFO [main] org.apache.catalina.startup.VersionLoggerListener.log Command line argument: -Dcatalina.base=./server/apache-tomcat-8.0.24
19-Jan-2016 21:05:51.206 INFO [main] org.apache.catalina.startup.VersionLoggerListener.log Command line argument: -Dcatalina.home=./server/apache-tomcat-8.0.24
19-Jan-2016 21:05:51.206 INFO [main] org.apache.catalina.startup.VersionLoggerListener.log Command line argument: -Djava.io.tmpdir=./server/apache-tomcat-8.0.24/temp
19-Jan-2016 21:05:51.206 INFO [main] org.apache.catalina.core.AprLifecycleListener.lifecycleEvent The APR based Apache Tomcat Native library which allows optimal performance in production environments was not found on the java.library.path: /Users/fp/Library/Java/Extensions:/Library/Java/Extensions:/Network/Library/Java/Extensions:/System/Library/Java/Extensions:/usr/lib/java:.
19-Jan-2016 21:05:51.535 INFO [main] org.apache.coyote.AbstractProtocol.init Initializing ProtocolHandler ["http-nio-8080"]
19-Jan-2016 21:05:51.583 INFO [main] org.apache.tomcat.util.net.NioSelectorPool.getSharedSelector Using a shared selector for servlet write/read
19-Jan-2016 21:05:51.587 INFO [main] org.apache.coyote.AbstractProtocol.init Initializing ProtocolHandler ["ajp-nio-8009"]
19-Jan-2016 21:05:51.589 INFO [main] org.apache.tomcat.util.net.NioSelectorPool.getSharedSelector Using a shared selector for servlet write/read
19-Jan-2016 21:05:51.590 INFO [main] org.apache.catalina.startup.Catalina.load Initialization processed in 1334 ms
19-Jan-2016 21:05:51.642 WARNING [main] org.apache.tomcat.jdbc.pool.ConnectionPool.init maxIdle is larger than maxActive, setting maxIdle to: 20
19-Jan-2016 21:05:52.070 INFO [main] org.camunda.commons.logging.BaseLogger.logInfo ENGINE-08046 Found camunda bpm platform configuration in CATALINA_BASE/CATALINA_HOME conf directory [/Users/fp/Dropbox/Development/Projects/camunda/camunda-exp/camunda-bpm-tomcat-7.4.0/server/apache-tomcat-8.0.24/conf/bpm-platform.xml] at 'file:/Users/fp/Dropbox/Development/Projects/camunda/camunda-exp/camunda-bpm-tomcat-7.4.0/server/apache-tomcat-8.0.24/conf/bpm-platform.xml'
19-Jan-2016 21:05:52.318 INFO [main] org.camunda.commons.logging.BaseLogger.logInfo ENGINE-12003 Plugin 'ProcessApplicationEventListenerPlugin' activated on process engine 'default'
19-Jan-2016 21:05:52.321 INFO [main] org.camunda.commons.logging.BaseLogger.logInfo ENGINE-12003 Plugin 'SpinProcessEnginePlugin' activated on process engine 'default'
19-Jan-2016 21:05:52.329 INFO [main] org.camunda.commons.logging.BaseLogger.logInfo SPIN-01010 Discovered Spin data format provider: org.camunda.spin.impl.json.jackson.format.JacksonJsonDataFormatProvider[name = application/json]
19-Jan-2016 21:05:52.553 INFO [main] org.camunda.commons.logging.BaseLogger.logInfo SPIN-01010 Discovered Spin data format provider: org.camunda.spin.impl.xml.dom.format.DomXmlDataFormatProvider[name = application/xml]
19-Jan-2016 21:05:52.573 INFO [main] org.camunda.commons.logging.BaseLogger.logInfo SPIN-01009 Discovered Spin data format: org.camunda.spin.impl.xml.dom.format.DomXmlDataFormat[name = application/xml]
19-Jan-2016 21:05:52.573 INFO [main] org.camunda.commons.logging.BaseLogger.logInfo SPIN-01009 Discovered Spin data format: org.camunda.spin.impl.json.jackson.format.JacksonJsonDataFormat[name = application/json]
19-Jan-2016 21:05:52.573 INFO [main] org.camunda.commons.logging.BaseLogger.logInfo ENGINE-12003 Plugin 'ConnectProcessEnginePlugin' activated on process engine 'default'
19-Jan-2016 21:05:52.909 INFO [main] org.camunda.commons.logging.BaseLogger.logInfo CNCT-01004 Discovered provider for connector id 'http-connector' and class 'org.camunda.connect.httpclient.impl.HttpConnectorImpl': 'org.camunda.connect.httpclient.impl.HttpConnectorProviderImpl'
19-Jan-2016 21:05:52.921 INFO [main] org.camunda.commons.logging.BaseLogger.logInfo CNCT-01004 Discovered provider for connector id 'soap-http-connector' and class 'org.camunda.connect.httpclient.soap.impl.SoapHttpConnectorImpl': 'org.camunda.connect.httpclient.soap.impl.SoapHttpConnectorProviderImpl'
19-Jan-2016 21:05:56.315 INFO [main] org.camunda.commons.logging.BaseLogger.logInfo ENGINE-03016 Performing database operation 'create' on component 'engine' with resource 'org/camunda/bpm/engine/db/create/activiti.h2.create.engine.sql'
19-Jan-2016 21:05:56.335 INFO [main] org.camunda.commons.logging.BaseLogger.logInfo ENGINE-03016 Performing database operation 'create' on component 'history' with resource 'org/camunda/bpm/engine/db/create/activiti.h2.create.history.sql'
19-Jan-2016 21:05:56.353 INFO [main] org.camunda.commons.logging.BaseLogger.logInfo ENGINE-03016 Performing database operation 'create' on component 'identity' with resource 'org/camunda/bpm/engine/db/create/activiti.h2.create.identity.sql'
19-Jan-2016 21:05:56.383 INFO [main] org.camunda.commons.logging.BaseLogger.logInfo ENGINE-03016 Performing database operation 'create' on component 'case.engine' with resource 'org/camunda/bpm/engine/db/create/activiti.h2.create.case.engine.sql'
19-Jan-2016 21:05:56.397 INFO [main] org.camunda.commons.logging.BaseLogger.logInfo ENGINE-03016 Performing database operation 'create' on component 'case.history' with resource 'org/camunda/bpm/engine/db/create/activiti.h2.create.case.history.sql'
19-Jan-2016 21:05:56.403 INFO [main] org.camunda.commons.logging.BaseLogger.logInfo ENGINE-03016 Performing database operation 'create' on component 'decision.engine' with resource 'org/camunda/bpm/engine/db/create/activiti.h2.create.decision.engine.sql'
19-Jan-2016 21:05:56.411 INFO [main] org.camunda.commons.logging.BaseLogger.logInfo ENGINE-03016 Performing database operation 'create' on component 'decision.history' with resource 'org/camunda/bpm/engine/db/create/activiti.h2.create.decision.history.sql'
19-Jan-2016 21:05:56.449 INFO [main] org.camunda.commons.logging.BaseLogger.logInfo ENGINE-03067 No history level property found in database
19-Jan-2016 21:05:56.458 INFO [main] org.camunda.commons.logging.BaseLogger.logInfo ENGINE-03065 Creating historyLevel property in database for level: HistoryLevelFull(name=full, id=3)
19-Jan-2016 21:05:56.466 INFO [main] org.camunda.commons.logging.BaseLogger.logInfo ENGINE-00001 Process Engine default created.
19-Jan-2016 21:05:56.469 INFO [main] org.camunda.commons.logging.BaseLogger.logInfo ENGINE-14014 Starting up the JobExecutor[org.camunda.bpm.engine.impl.jobexecutor.RuntimeContainerJobExecutor].
19-Jan-2016 21:05:56.471 INFO [Thread-6] org.camunda.commons.logging.BaseLogger.logInfo ENGINE-14018 JobExecutor[org.camunda.bpm.engine.impl.jobexecutor.RuntimeContainerJobExecutor] starting to acquire jobs
19-Jan-2016 21:05:56.486 INFO [main] org.camunda.commons.logging.BaseLogger.logInfo ENGINE-08048 Camunda BPM platform sucessfully started at 'Apache Tomcat/8.0.24'.
19-Jan-2016 21:05:56.518 INFO [main] org.apache.catalina.core.StandardService.startInternal Starting service Catalina
19-Jan-2016 21:05:56.518 INFO [main] org.apache.catalina.core.StandardEngine.startInternal Starting Servlet Engine: Apache Tomcat/8.0.24
19-Jan-2016 21:05:56.530 INFO [localhost-startStop-1] org.apache.catalina.startup.HostConfig.deployDirectory Deploying web application directory /Users/fp/Dropbox/Development/Projects/camunda/camunda-exp/camunda-bpm-tomcat-7.4.0/server/apache-tomcat-8.0.24/webapps/camunda
19-Jan-2016 21:05:59.681 INFO [localhost-startStop-1] org.apache.jasper.servlet.TldScanner.scanJars At least one JAR was scanned for TLDs yet contained no TLDs. Enable debug logging for this logger for a complete list of JARs that were scanned but no TLDs were found in them. Skipping unneeded JARs during scanning can improve startup time and JSP compilation time.
19-Jan-2016 21:06:00.161 INFO [localhost-startStop-1] org.apache.catalina.startup.HostConfig.deployDirectory Deployment of web application directory /Users/fp/Dropbox/Development/Projects/camunda/camunda-exp/camunda-bpm-tomcat-7.4.0/server/apache-tomcat-8.0.24/webapps/camunda has finished in 3,630 ms
19-Jan-2016 21:06:00.161 INFO [localhost-startStop-1] org.apache.catalina.startup.HostConfig.deployDirectory Deploying web application directory /Users/fp/Dropbox/Development/Projects/camunda/camunda-exp/camunda-bpm-tomcat-7.4.0/server/apache-tomcat-8.0.24/webapps/camunda-invoice
19-Jan-2016 21:06:02.581 INFO [localhost-startStop-1] org.camunda.commons.logging.BaseLogger.logInfo ENGINE-07015 Detected @ProcessApplication class 'org.camunda.bpm.example.invoice.InvoiceProcessApplication'
19-Jan-2016 21:06:02.688 INFO [localhost-startStop-1] org.apache.jasper.servlet.TldScanner.scanJars At least one JAR was scanned for TLDs yet contained no TLDs. Enable debug logging for this logger for a complete list of JARs that were scanned but no TLDs were found in them. Skipping unneeded JARs during scanning can improve startup time and JSP compilation time.
19-Jan-2016 21:06:02.708 INFO [localhost-startStop-1] org.camunda.commons.logging.BaseLogger.logInfo ENGINE-08024 Found processes.xml file at file:/Users/fp/Dropbox/Development/Projects/camunda/camunda-exp/camunda-bpm-tomcat-7.4.0/server/apache-tomcat-8.0.24/webapps/camunda-invoice/WEB-INF/classes/META-INF/processes.xml
19-Jan-2016 21:06:02.811 INFO [localhost-startStop-1] org.camunda.commons.logging.BaseLogger.logInfo ENGINE-08023 Deployment summary for process archive 'camunda-invoice': 

        invoice.png
        assign-approver-groups.dmn
        invoice.bpmn

19-Jan-2016 21:06:03.632 INFO [localhost-startStop-1] null.null Generating demo data for invoice showcase
19-Jan-2016 21:06:06.925 INFO [localhost-startStop-1] org.camunda.commons.logging.BaseLogger.logInfo ENGINE-08050 Process application camunda-invoice successfully deployed
19-Jan-2016 21:06:06.933 INFO [localhost-startStop-1] org.apache.catalina.startup.HostConfig.deployDirectory Deployment of web application directory /Users/fp/Dropbox/Development/Projects/camunda/camunda-exp/camunda-bpm-tomcat-7.4.0/server/apache-tomcat-8.0.24/webapps/camunda-invoice has finished in 6,772 ms
19-Jan-2016 21:06:06.934 INFO [localhost-startStop-1] org.apache.catalina.startup.HostConfig.deployDirectory Deploying web application directory /Users/fp/Dropbox/Development/Projects/camunda/camunda-exp/camunda-bpm-tomcat-7.4.0/server/apache-tomcat-8.0.24/webapps/camunda-welcome
19-Jan-2016 21:06:08.993 INFO [localhost-startStop-1] org.apache.jasper.servlet.TldScanner.scanJars At least one JAR was scanned for TLDs yet contained no TLDs. Enable debug logging for this logger for a complete list of JARs that were scanned but no TLDs were found in them. Skipping unneeded JARs during scanning can improve startup time and JSP compilation time.
19-Jan-2016 21:06:08.996 INFO [localhost-startStop-1] org.apache.catalina.startup.HostConfig.deployDirectory Deployment of web application directory /Users/fp/Dropbox/Development/Projects/camunda/camunda-exp/camunda-bpm-tomcat-7.4.0/server/apache-tomcat-8.0.24/webapps/camunda-welcome has finished in 2,062 ms
19-Jan-2016 21:06:08.997 INFO [localhost-startStop-1] org.apache.catalina.startup.HostConfig.deployDirectory Deploying web application directory /Users/fp/Dropbox/Development/Projects/camunda/camunda-exp/camunda-bpm-tomcat-7.4.0/server/apache-tomcat-8.0.24/webapps/docs
19-Jan-2016 21:06:10.993 INFO [localhost-startStop-1] org.apache.jasper.servlet.TldScanner.scanJars At least one JAR was scanned for TLDs yet contained no TLDs. Enable debug logging for this logger for a complete list of JARs that were scanned but no TLDs were found in them. Skipping unneeded JARs during scanning can improve startup time and JSP compilation time.
19-Jan-2016 21:06:10.998 INFO [localhost-startStop-1] org.apache.catalina.startup.HostConfig.deployDirectory Deployment of web application directory /Users/fp/Dropbox/Development/Projects/camunda/camunda-exp/camunda-bpm-tomcat-7.4.0/server/apache-tomcat-8.0.24/webapps/docs has finished in 2,001 ms
19-Jan-2016 21:06:10.999 INFO [localhost-startStop-1] org.apache.catalina.startup.HostConfig.deployDirectory Deploying web application directory /Users/fp/Dropbox/Development/Projects/camunda/camunda-exp/camunda-bpm-tomcat-7.4.0/server/apache-tomcat-8.0.24/webapps/engine-rest
19-Jan-2016 21:06:13.589 INFO [localhost-startStop-1] org.apache.jasper.servlet.TldScanner.scanJars At least one JAR was scanned for TLDs yet contained no TLDs. Enable debug logging for this logger for a complete list of JARs that were scanned but no TLDs were found in them. Skipping unneeded JARs during scanning can improve startup time and JSP compilation time.
19-Jan-2016 21:06:13.788 INFO [localhost-startStop-1] org.jboss.resteasy.logging.impl.Slf4jLogger.info Deploying javax.ws.rs.core.Application: class org.camunda.bpm.engine.rest.impl.application.DefaultApplication
19-Jan-2016 21:06:13.907 INFO [localhost-startStop-1] org.apache.catalina.startup.HostConfig.deployDirectory Deployment of web application directory /Users/fp/Dropbox/Development/Projects/camunda/camunda-exp/camunda-bpm-tomcat-7.4.0/server/apache-tomcat-8.0.24/webapps/engine-rest has finished in 2,908 ms
19-Jan-2016 21:06:13.907 INFO [localhost-startStop-1] org.apache.catalina.startup.HostConfig.deployDirectory Deploying web application directory /Users/fp/Dropbox/Development/Projects/camunda/camunda-exp/camunda-bpm-tomcat-7.4.0/server/apache-tomcat-8.0.24/webapps/examples
19-Jan-2016 21:06:16.075 INFO [localhost-startStop-1] org.apache.jasper.servlet.TldScanner.scanJars At least one JAR was scanned for TLDs yet contained no TLDs. Enable debug logging for this logger for a complete list of JARs that were scanned but no TLDs were found in them. Skipping unneeded JARs during scanning can improve startup time and JSP compilation time.
19-Jan-2016 21:06:16.122 INFO [localhost-startStop-1] org.apache.catalina.startup.HostConfig.deployDirectory Deployment of web application directory /Users/fp/Dropbox/Development/Projects/camunda/camunda-exp/camunda-bpm-tomcat-7.4.0/server/apache-tomcat-8.0.24/webapps/examples has finished in 2,215 ms
19-Jan-2016 21:06:16.123 INFO [localhost-startStop-1] org.apache.catalina.startup.HostConfig.deployDirectory Deploying web application directory /Users/fp/Dropbox/Development/Projects/camunda/camunda-exp/camunda-bpm-tomcat-7.4.0/server/apache-tomcat-8.0.24/webapps/h2
19-Jan-2016 21:06:18.009 INFO [localhost-startStop-1] org.apache.jasper.servlet.TldScanner.scanJars At least one JAR was scanned for TLDs yet contained no TLDs. Enable debug logging for this logger for a complete list of JARs that were scanned but no TLDs were found in them. Skipping unneeded JARs during scanning can improve startup time and JSP compilation time.
19-Jan-2016 21:06:18.018 INFO [localhost-startStop-1] org.apache.catalina.startup.HostConfig.deployDirectory Deployment of web application directory /Users/fp/Dropbox/Development/Projects/camunda/camunda-exp/camunda-bpm-tomcat-7.4.0/server/apache-tomcat-8.0.24/webapps/h2 has finished in 1,895 ms
19-Jan-2016 21:06:18.018 INFO [localhost-startStop-1] org.apache.catalina.startup.HostConfig.deployDirectory Deploying web application directory /Users/fp/Dropbox/Development/Projects/camunda/camunda-exp/camunda-bpm-tomcat-7.4.0/server/apache-tomcat-8.0.24/webapps/host-manager
19-Jan-2016 21:06:19.987 INFO [localhost-startStop-1] org.apache.jasper.servlet.TldScanner.scanJars At least one JAR was scanned for TLDs yet contained no TLDs. Enable debug logging for this logger for a complete list of JARs that were scanned but no TLDs were found in them. Skipping unneeded JARs during scanning can improve startup time and JSP compilation time.
19-Jan-2016 21:06:20.006 INFO [localhost-startStop-1] org.apache.catalina.startup.HostConfig.deployDirectory Deployment of web application directory /Users/fp/Dropbox/Development/Projects/camunda/camunda-exp/camunda-bpm-tomcat-7.4.0/server/apache-tomcat-8.0.24/webapps/host-manager has finished in 1,988 ms
19-Jan-2016 21:06:20.007 INFO [localhost-startStop-1] org.apache.catalina.startup.HostConfig.deployDirectory Deploying web application directory /Users/fp/Dropbox/Development/Projects/camunda/camunda-exp/camunda-bpm-tomcat-7.4.0/server/apache-tomcat-8.0.24/webapps/manager
19-Jan-2016 21:06:22.052 INFO [localhost-startStop-1] org.apache.jasper.servlet.TldScanner.scanJars At least one JAR was scanned for TLDs yet contained no TLDs. Enable debug logging for this logger for a complete list of JARs that were scanned but no TLDs were found in them. Skipping unneeded JARs during scanning can improve startup time and JSP compilation time.
19-Jan-2016 21:06:22.058 INFO [localhost-startStop-1] org.apache.catalina.startup.HostConfig.deployDirectory Deployment of web application directory /Users/fp/Dropbox/Development/Projects/camunda/camunda-exp/camunda-bpm-tomcat-7.4.0/server/apache-tomcat-8.0.24/webapps/manager has finished in 2,051 ms
19-Jan-2016 21:06:22.059 INFO [localhost-startStop-1] org.apache.catalina.startup.HostConfig.deployDirectory Deploying web application directory /Users/fp/Dropbox/Development/Projects/camunda/camunda-exp/camunda-bpm-tomcat-7.4.0/server/apache-tomcat-8.0.24/webapps/ROOT
19-Jan-2016 21:06:23.968 INFO [localhost-startStop-1] org.apache.jasper.servlet.TldScanner.scanJars At least one JAR was scanned for TLDs yet contained no TLDs. Enable debug logging for this logger for a complete list of JARs that were scanned but no TLDs were found in them. Skipping unneeded JARs during scanning can improve startup time and JSP compilation time.
19-Jan-2016 21:06:23.971 INFO [localhost-startStop-1] org.apache.catalina.startup.HostConfig.deployDirectory Deployment of web application directory /Users/fp/Dropbox/Development/Projects/camunda/camunda-exp/camunda-bpm-tomcat-7.4.0/server/apache-tomcat-8.0.24/webapps/ROOT has finished in 1,912 ms
19-Jan-2016 21:06:23.978 INFO [main] org.apache.coyote.AbstractProtocol.start Starting ProtocolHandler ["http-nio-8080"]
19-Jan-2016 21:06:23.991 INFO [main] org.apache.coyote.AbstractProtocol.start Starting ProtocolHandler ["ajp-nio-8009"]
19-Jan-2016 21:06:23.996 INFO [main] org.apache.catalina.startup.Catalina.start Server startup in 32408 ms
19-Jan-2016 21:06:25.666 INFO [http-nio-8080-exec-4] org.jboss.resteasy.logging.impl.Slf4jLogger.info Deploying javax.ws.rs.core.Application: class org.camunda.bpm.tasklist.impl.web.TasklistApplication
19-Jan-2016 21:06:26.626 INFO [http-nio-8080-exec-5] org.jboss.resteasy.logging.impl.Slf4jLogger.info Deploying javax.ws.rs.core.Application: class org.camunda.bpm.webapp.impl.engine.EngineRestApplication
19-Jan-2016 21:06:26.659 INFO [http-nio-8080-exec-6] org.jboss.resteasy.logging.impl.Slf4jLogger.info Deploying javax.ws.rs.core.Application: class org.camunda.bpm.admin.impl.web.AdminApplication
19-Jan-2016 21:07:32.850 INFO [Thread-8] org.camunda.commons.logging.BaseLogger.logInfo ENGINE-08051 Process application camunda-invoice undeployed
19-Jan-2016 21:07:32.856 INFO [Thread-8] org.camunda.commons.logging.BaseLogger.logInfo ENGINE-14015 Shutting down the JobExecutor[org.camunda.bpm.engine.impl.jobexecutor.RuntimeContainerJobExecutor]
19-Jan-2016 21:07:32.857 INFO [Thread-8] org.camunda.commons.logging.BaseLogger.logInfo ENGINE-08049 Camunda BPM platform stopped at 'Apache Tomcat/8.0.24'
19-Jan-2016 21:07:32.859 INFO [Thread-8] org.apache.coyote.AbstractProtocol.pause Pausing ProtocolHandler ["http-nio-8080"]
19-Jan-2016 21:07:32.862 INFO [18] org.camunda.commons.logging.BaseLogger.logInfo ENGINE-14020 JobExecutor[org.camunda.bpm.engine.impl.jobexecutor.RuntimeContainerJobExecutor] stopped job acquisition
19-Jan-2016 21:07:32.929 INFO [Thread-8] org.apache.coyote.AbstractProtocol.pause Pausing ProtocolHandler ["ajp-nio-8009"]
19-Jan-2016 21:07:32.930 INFO [Thread-8] org.apache.catalina.core.StandardService.stopInternal Stopping service Catalina
19-Jan-2016 21:07:32.970 WARNING [localhost-startStop-2] org.camunda.commons.logging.BaseLogger.logWarn ENGINE-07017 Calling undeploy() on process application that is not deployed.
19-Jan-2016 21:07:33.034 INFO [Thread-8] org.apache.coyote.AbstractProtocol.stop Stopping ProtocolHandler ["http-nio-8080"]
19-Jan-2016 21:07:33.041 INFO [Thread-8] org.apache.coyote.AbstractProtocol.stop Stopping ProtocolHandler ["ajp-nio-8009"]
19-Jan-2016 21:07:33.042 INFO [Thread-8] org.apache.coyote.AbstractProtocol.destroy Destroying ProtocolHandler ["http-nio-8080"]
19-Jan-2016 21:07:33.043 INFO [Thread-8] org.apache.coyote.AbstractProtocol.destroy Destroying ProtocolHandler ["ajp-nio-8009"]
